[2025-10-26 23:39:10,539] INFO django.utils.autoreload — Watching for file changes with StatReloader
[2025-10-26 23:39:39,297] INFO django.server — "GET /admin/ HTTP/1.1" 200 26856
[2025-10-26 23:39:39,349] INFO django.server — "GET /static/css/admin_custom.css HTTP/1.1" 304 0
[2025-10-26 23:39:40,253] INFO django.server — "GET /admin/ HTTP/1.1" 200 26856
[2025-10-26 23:39:41,050] INFO django.server — "GET /admin/ HTTP/1.1" 200 26856
[2025-10-26 23:39:41,581] INFO django.server — "GET /admin/ HTTP/1.1" 200 26856
[2025-10-26 23:39:42,020] INFO django.server — "GET /admin/ HTTP/1.1" 200 26856
[2025-10-26 23:39:42,455] INFO django.server — "GET /admin/ HTTP/1.1" 200 26856
[2025-10-26 23:39:42,904] INFO django.server — "GET /admin/ HTTP/1.1" 200 26856
[2025-10-26 23:39:43,326] INFO django.server — "GET /admin/ HTTP/1.1" 200 26856
[2025-10-26 23:39:43,803] INFO django.server — "GET /admin/ HTTP/1.1" 200 26856
[2025-10-26 23:39:44,211] INFO django.server — "GET /admin/ HTTP/1.1" 200 26856
[2025-10-26 23:39:44,641] INFO django.server — "GET /admin/ HTTP/1.1" 200 26856
[2025-10-26 23:39:48,403] INFO django.server — "GET /admin/ HTTP/1.1" 200 26856
[2025-10-26 23:39:48,897] INFO django.server — "GET /admin/ HTTP/1.1" 200 26856
[2025-10-26 23:39:50,099] INFO django.server — "GET /admin/login/?next=/admin/ HTTP/1.1" 302 0
[2025-10-26 23:39:50,138] INFO django.server — "GET /admin/ HTTP/1.1" 200 26856
[2025-10-26 23:39:55,997] WARNING django.security.csrf — Forbidden (CSRF token from POST incorrect.): /admin/logout/
[2025-10-26 23:39:55,997] WARNING django.server — "POST /admin/logout/ HTTP/1.1" 403 2508
[2025-10-26 23:40:06,878] WARNING django.security.csrf — Forbidden (CSRF token from POST incorrect.): /admin/logout/
[2025-10-26 23:40:06,878] WARNING django.server — "POST /admin/logout/ HTTP/1.1" 403 2508
[2025-10-26 23:40:12,468] INFO django.server — "GET /admin HTTP/1.1" 301 0
[2025-10-26 23:40:12,494] INFO django.server — "GET /admin/ HTTP/1.1" 200 26856
[2025-10-26 23:40:16,344] INFO django.server — "GET /admin/ HTTP/1.1" 200 26856
[2025-10-26 23:40:17,112] INFO django.server — "GET /admin/ HTTP/1.1" 200 26856
[2025-10-26 23:40:17,713] INFO django.server — "GET /admin/ HTTP/1.1" 200 26856
[2025-10-26 23:40:18,149] INFO django.server — "GET /admin/ HTTP/1.1" 200 26856
[2025-10-26 23:40:24,477] INFO django.utils.autoreload — Watching for file changes with StatReloader
[2025-10-26 23:40:28,425] WARNING django.request — Not Found: /
[2025-10-26 23:40:28,427] WARNING django.server — "GET / HTTP/1.1" 404 3462
[2025-10-26 23:40:42,443] INFO django.server — "GET /admin HTTP/1.1" 301 0
[2025-10-26 23:40:42,502] INFO django.server — "GET /admin/ HTTP/1.1" 200 26856
[2025-10-26 23:40:42,575] INFO django.server — "GET /static/jazzmin/css/main.css HTTP/1.1" 200 16969
[2025-10-26 23:40:42,894] INFO django.server — "GET /static/vendor/fontawesome-free/webfonts/fa-solid-900.woff2 HTTP/1.1" 200 156400
[2025-10-26 23:40:49,261] INFO django.server — "POST /admin/logout/ HTTP/1.1" 302 0
[2025-10-26 23:40:49,270] INFO django.server — "GET /admin/login/ HTTP/1.1" 200 3082
[2025-10-26 23:40:54,998] INFO django.server — "GET /admin/login/ HTTP/1.1" 200 3082
[2025-10-26 23:40:55,656] INFO django.server — "GET /admin/login/ HTTP/1.1" 200 3082
[2025-10-26 23:40:56,057] INFO django.server — "GET /admin/login/ HTTP/1.1" 200 3082
[2025-10-26 23:40:56,277] INFO django.server — "GET /admin/login/ HTTP/1.1" 200 3082
[2025-10-26 23:40:56,494] INFO django.server — "GET /admin/login/ HTTP/1.1" 200 3082
[2025-10-26 23:40:56,703] INFO django.server — "GET /admin/login/ HTTP/1.1" 200 3082
[2025-10-26 23:40:56,927] INFO django.server — "GET /admin/login/ HTTP/1.1" 200 3082
[2025-10-26 23:41:07,954] INFO django.server — "POST /admin/login/ HTTP/1.1" 302 0
[2025-10-26 23:41:07,975] INFO django.server — "GET /admin/ HTTP/1.1" 200 26856
[2025-10-26 23:41:13,271] INFO django.server — "GET /admin/auth/group/ HTTP/1.1" 200 16853
[2025-10-26 23:41:13,330] INFO django.server — "GET /admin/jsi18n/ HTTP/1.1" 200 7210
[2025-10-26 23:41:24,567] INFO django.server — "GET /admin/auth/group/3/change/ HTTP/1.1" 200 20629
[2025-10-26 23:41:24,640] INFO django.server — "GET /admin/jsi18n/ HTTP/1.1" 200 7210
[2025-10-26 23:41:24,697] INFO django.server — "GET /static/admin/js/SelectBox.js HTTP/1.1" 304 0
[2025-10-26 23:41:24,792] INFO django.server — "GET /static/admin/js/SelectFilter2.js HTTP/1.1" 304 0
[2025-10-26 23:41:24,928] INFO django.server — "GET /static/jazzmin/img/selector-icons.svg HTTP/1.1" 200 3291
[2025-10-26 23:41:31,911] INFO django.server — "GET /admin/ HTTP/1.1" 200 26840
[2025-10-26 23:41:36,131] INFO django.server — "GET /admin/auth/user/ HTTP/1.1" 200 22743
[2025-10-26 23:41:36,193] INFO django.server — "GET /admin/jsi18n/ HTTP/1.1" 200 7210
[2025-10-26 23:41:36,266] INFO django.server — "GET /static/admin/img/icon-yes.svg HTTP/1.1" 200 436
[2025-10-26 23:41:41,408] INFO django.server — "GET /admin/lab/paciente/ HTTP/1.1" 200 21191
[2025-10-26 23:41:41,469] INFO django.server — "GET /admin/jsi18n/ HTTP/1.1" 200 7210
[2025-10-26 23:41:57,791] INFO django.server — "GET /admin/lab/paciente/1/change/ HTTP/1.1" 200 26107
[2025-10-26 23:41:57,858] INFO django.server — "GET /admin/jsi18n/ HTTP/1.1" 200 7210
[2025-10-26 23:41:57,919] INFO django.server — "GET /static/admin/js/calendar.js HTTP/1.1" 304 0
[2025-10-26 23:41:57,921] INFO django.server — "GET /static/admin/js/admin/DateTimeShortcuts.js HTTP/1.1" 304 0
[2025-10-26 23:42:20,108] INFO django.server — "GET /admin/ HTTP/1.1" 200 26840
[2025-10-26 23:42:20,144] INFO django.server — "GET /static/css/admin_custom.css HTTP/1.1" 304 0
[2025-10-26 23:42:24,494] INFO django.server — "GET /admin/lab/requisicaoanalise/ HTTP/1.1" 200 19574
[2025-10-26 23:42:24,550] INFO django.server — "GET /admin/jsi18n/ HTTP/1.1" 200 7210
[2025-10-26 23:42:38,273] INFO django.server — "POST /admin/lab/requisicaoanalise/ HTTP/1.1" 200 125411
[2025-10-26 23:44:09,634] INFO django.server — "GET /admin/ HTTP/1.1" 200 26840
[2025-10-26 23:44:15,562] INFO django.server — "GET /admin/auth/user/ HTTP/1.1" 200 22727
[2025-10-26 23:44:15,635] INFO django.server — "GET /admin/jsi18n/ HTTP/1.1" 200 7210
[2025-10-26 23:44:24,161] INFO django.server — "GET /admin/ HTTP/1.1" 200 26840
[2025-10-26 23:44:27,133] INFO django.server — "GET /admin/lab/resultado/ HTTP/1.1" 200 24215
[2025-10-26 23:44:27,189] INFO django.server — "GET /admin/jsi18n/ HTTP/1.1" 200 7210
[2025-10-26 23:53:20,414] INFO django.utils.autoreload — /home/australopithecus/Área de trabalho/proj-sys-lab/proj-sys-lab/lab/utils/pdf_generator.py changed, reloading.
[2025-10-26 23:53:21,313] INFO django.utils.autoreload — Watching for file changes with StatReloader
[2025-10-26 23:53:43,957] INFO django.server — "GET /admin/lab/resultado/ HTTP/1.1" 302 0
[2025-10-26 23:53:43,976] INFO django.server — "GET /admin/login/?next=/admin/lab/resultado/ HTTP/1.1" 200 3109
[2025-10-26 23:53:44,092] INFO django.server — "GET /static/css/admin_custom.css HTTP/1.1" 304 0
[2025-10-26 23:53:48,090] INFO django.server — "POST /admin/login/?next=/admin/lab/resultado/ HTTP/1.1" 302 0
[2025-10-26 23:53:48,143] INFO django.server — "GET /admin/lab/resultado/ HTTP/1.1" 200 24215
[2025-10-26 23:53:48,257] INFO django.server — "GET /admin/jsi18n/ HTTP/1.1" 200 7210
[2025-10-26 23:53:55,971] INFO django.server — "POST /admin/lab/resultado/ HTTP/1.1" 200 125134
[2025-10-26 23:54:36,977] INFO django.server — "GET /admin/ HTTP/1.1" 200 26840
[2025-10-26 23:54:38,309] INFO django.server — "GET /admin/lab/requisicaoanalise/ HTTP/1.1" 200 19574
[2025-10-26 23:54:38,366] INFO django.server — "GET /admin/jsi18n/ HTTP/1.1" 200 7210
[2025-10-26 23:54:46,048] INFO django.server — "POST /admin/lab/requisicaoanalise/ HTTP/1.1" 200 125411
[2025-10-26 23:58:46,882] INFO django.utils.autoreload — /home/australopithecus/Área de trabalho/proj-sys-lab/proj-sys-lab/lab/utils/pdf_generator.py changed, reloading.
[2025-10-26 23:58:48,325] INFO django.utils.autoreload — Watching for file changes with StatReloader
[2025-10-26 23:59:00,812] INFO django.utils.autoreload — /home/australopithecus/Área de trabalho/proj-sys-lab/proj-sys-lab/lab/utils/pdf_generator.py changed, reloading.
[2025-10-26 23:59:02,422] INFO django.utils.autoreload — Watching for file changes with StatReloader
[2025-10-26 23:59:28,766] INFO django.utils.autoreload — /home/australopithecus/Área de trabalho/proj-sys-lab/proj-sys-lab/lab/utils/pdf_generator.py changed, reloading.
[2025-10-26 23:59:29,824] INFO django.utils.autoreload — Watching for file changes with StatReloader
[2025-10-27 00:01:29,667] INFO django.utils.autoreload — /home/australopithecus/Área de trabalho/proj-sys-lab/proj-sys-lab/lab/utils/pdf_generator.py changed, reloading.
[2025-10-27 00:01:30,628] INFO django.utils.autoreload — Watching for file changes with StatReloader
[2025-10-27 00:01:47,772] INFO django.server — "GET /admin/lab/requisicaoanalise/ HTTP/1.1" 200 19574
[2025-10-27 00:01:47,825] INFO django.server — "GET /static/css/admin_custom.css HTTP/1.1" 304 0
[2025-10-27 00:01:47,832] INFO django.server — "GET /admin/jsi18n/ HTTP/1.1" 200 7210
[2025-10-27 00:01:48,855] INFO django.server — "GET /admin/lab/requisicaoanalise/ HTTP/1.1" 200 19574
[2025-10-27 00:01:48,901] INFO django.server — "GET /admin/jsi18n/ HTTP/1.1" 200 7210
[2025-10-27 00:01:55,637] INFO django.server — "POST /admin/lab/requisicaoanalise/ HTTP/1.1" 200 125408
[2025-10-27 00:02:25,714] INFO django.server — "GET /admin/lab/resultado/ HTTP/1.1" 200 24231
[2025-10-27 00:02:25,778] INFO django.server — "GET /admin/jsi18n/ HTTP/1.1" 200 7210
[2025-10-27 00:02:32,208] INFO django.server — "POST /admin/lab/resultado/ HTTP/1.1" 200 125132
[2025-10-27 00:03:08,857] INFO django.utils.autoreload — /home/australopithecus/Área de trabalho/proj-sys-lab/proj-sys-lab/lab/utils/pdf_generator.py changed, reloading.
[2025-10-27 00:03:09,781] INFO django.utils.autoreload — Watching for file changes with StatReloader
[2025-10-27 00:03:11,018] INFO django.utils.autoreload — /home/australopithecus/Área de trabalho/proj-sys-lab/proj-sys-lab/lab/utils/pdf_generator.py changed, reloading.
[2025-10-27 00:03:12,160] INFO django.utils.autoreload — Watching for file changes with StatReloader
[2025-10-27 00:03:13,440] INFO django.utils.autoreload — /home/australopithecus/Área de trabalho/proj-sys-lab/proj-sys-lab/lab/utils/pdf_generator.py changed, reloading.
[2025-10-27 00:03:14,065] INFO django.utils.autoreload — Watching for file changes with StatReloader
[2025-10-27 00:03:18,016] INFO django.server — "GET /admin/lab/resultado/ HTTP/1.1" 200 24231
[2025-10-27 00:03:18,058] INFO django.server — "GET /admin/jsi18n/ HTTP/1.1" 200 7210
[2025-10-27 00:03:19,283] INFO django.server — "GET /admin/lab/resultado/ HTTP/1.1" 200 24231
[2025-10-27 00:03:19,320] INFO django.server — "GET /admin/jsi18n/ HTTP/1.1" 200 7210
[2025-10-27 00:03:34,397] INFO django.server — "POST /admin/lab/resultado/ HTTP/1.1" 200 125135
[2025-10-27 00:03:58,496] INFO django.server — "GET /admin/ HTTP/1.1" 302 0
[2025-10-27 00:03:58,513] INFO django.server — "GET /admin/login/?next=/admin/ HTTP/1.1" 200 3095
[2025-10-27 00:04:01,045] INFO django.server — "POST /admin/login/?next=/admin/ HTTP/1.1" 302 0
[2025-10-27 00:04:01,076] INFO django.server — "GET /admin/ HTTP/1.1" 200 26856
[2025-10-27 00:04:03,953] INFO django.server — "GET /admin/lab/requisicaoanalise/ HTTP/1.1" 200 19590
[2025-10-27 00:04:04,030] INFO django.server — "GET /admin/jsi18n/ HTTP/1.1" 200 7210
[2025-10-27 00:04:10,413] INFO django.server — "POST /admin/lab/requisicaoanalise/ HTTP/1.1" 302 0
[2025-10-27 00:04:10,446] INFO django.server — "GET /admin/lab/requisicaoanalise/ HTTP/1.1" 200 20172
[2025-10-27 00:04:10,532] INFO django.server — "GET /admin/jsi18n/ HTTP/1.1" 200 7210
[2025-10-27 00:04:19,233] INFO django.server — "POST /admin/lab/requisicaoanalise/ HTTP/1.1" 200 125411
[2025-10-27 00:06:03,476] INFO django.server — "GET /admin/lab/requisicaoanalise/ HTTP/1.1" 200 19590
[2025-10-27 00:06:03,516] INFO django.server — "GET /admin/jsi18n/ HTTP/1.1" 200 7210
[2025-10-27 00:06:11,518] INFO django.server — "POST /admin/logout/ HTTP/1.1" 302 0
[2025-10-27 00:06:11,526] INFO django.server — "GET /admin/login/ HTTP/1.1" 200 3082
[2025-10-27 00:06:14,302] INFO django.server — "POST /admin/login/ HTTP/1.1" 302 0
[2025-10-27 00:06:14,325] INFO django.server — "GET /admin/ HTTP/1.1" 200 26856
[2025-10-27 00:06:18,179] INFO django.server — "GET /admin/ HTTP/1.1" 200 26856
[2025-10-27 00:06:19,315] INFO django.server — "GET /admin/ HTTP/1.1" 200 26856
[2025-10-27 00:06:22,798] INFO django.server — "GET /admin/lab/requisicaoanalise/ HTTP/1.1" 200 19574
[2025-10-27 00:06:22,852] INFO django.server — "GET /admin/jsi18n/ HTTP/1.1" 200 7210
[2025-10-27 00:06:37,216] INFO django.server — "GET /admin/lab/resultado/ HTTP/1.1" 200 24215
[2025-10-27 00:06:37,265] INFO django.server — "GET /static/css/admin_custom.css HTTP/1.1" 304 0
[2025-10-27 00:06:37,270] INFO django.server — "GET /admin/jsi18n/ HTTP/1.1" 200 7210
[2025-10-27 00:23:13,861] INFO django.utils.autoreload — /home/australopithecus/Área de trabalho/proj-sys-lab/proj-sys-lab/lab/admin.py changed, reloading.
[2025-10-27 00:23:14,579] INFO django.utils.autoreload — Watching for file changes with StatReloader
[2025-10-27 00:23:37,284] INFO django.utils.autoreload — /home/australopithecus/Área de trabalho/proj-sys-lab/proj-sys-lab/lab/admin.py changed, reloading.
[2025-10-27 00:23:38,062] INFO django.utils.autoreload — Watching for file changes with StatReloader
[2025-10-27 00:23:48,684] INFO django.server — "GET /admin/lab/resultado/ HTTP/1.1" 302 0
[2025-10-27 00:23:48,704] INFO django.server — "GET /admin/login/?next=/admin/lab/resultado/ HTTP/1.1" 200 3109
[2025-10-27 00:23:48,806] INFO django.server — "GET /static/css/admin_custom.css HTTP/1.1" 304 0
[2025-10-27 00:24:03,692] INFO django.server — "POST /admin/login/?next=/admin/lab/resultado/ HTTP/1.1" 302 0
[2025-10-27 00:24:03,745] INFO django.server — "GET /admin/lab/resultado/ HTTP/1.1" 200 24231
[2025-10-27 00:24:03,891] INFO django.server — "GET /admin/jsi18n/ HTTP/1.1" 200 7210
[2025-10-27 00:24:23,889] INFO django.server — "GET /admin/lab/exame/ HTTP/1.1" 200 19090
[2025-10-27 00:24:23,943] INFO django.server — "GET /admin/jsi18n/ HTTP/1.1" 200 7210
[2025-10-27 00:24:28,986] INFO django.server — "GET /admin/lab/paciente/ HTTP/1.1" 200 21207
[2025-10-27 00:24:29,039] INFO django.server — "GET /admin/jsi18n/ HTTP/1.1" 200 7210
[2025-10-27 00:24:36,625] INFO django.server — "GET /admin/lab/resultado/ HTTP/1.1" 200 24231
[2025-10-27 00:24:36,686] INFO django.server — "GET /admin/jsi18n/ HTTP/1.1" 200 7210
[2025-10-27 00:24:56,238] INFO django.server — "POST /admin/logout/ HTTP/1.1" 302 0
[2025-10-27 00:24:56,246] INFO django.server — "GET /admin/login/ HTTP/1.1" 200 3082
[2025-10-27 00:25:16,657] INFO django.server — "POST /admin/login/ HTTP/1.1" 200 3419
[2025-10-27 00:25:38,529] INFO django.server — "POST /admin/login/ HTTP/1.1" 200 3419
[2025-10-27 00:26:08,490] INFO django.server — "POST /admin/login/ HTTP/1.1" 200 3419
[2025-10-27 00:26:25,730] INFO django.server — "POST /admin/login/ HTTP/1.1" 200 3419
[2025-10-27 00:26:40,737] INFO django.server — "POST /admin/login/ HTTP/1.1" 200 3419
[2025-10-27 00:26:54,372] INFO django.server — "POST /admin/login/ HTTP/1.1" 200 3419
[2025-10-27 00:26:57,862] INFO django.server — "POST /admin/login/ HTTP/1.1" 302 0
[2025-10-27 00:26:57,925] INFO django.server — "GET /admin/ HTTP/1.1" 200 26853
[2025-10-27 00:27:00,678] INFO django.server — "GET /admin/auth/user/ HTTP/1.1" 200 22743
[2025-10-27 00:27:00,718] INFO django.server — "GET /admin/jsi18n/ HTTP/1.1" 200 7210
[2025-10-27 00:27:10,371] INFO django.server — "GET /admin/auth/user/4/change/ HTTP/1.1" 200 34311
[2025-10-27 00:27:10,428] INFO django.server — "GET /admin/jsi18n/ HTTP/1.1" 200 7210
[2025-10-27 00:27:13,122] INFO django.server — "GET /admin/auth/user/4/password/ HTTP/1.1" 200 14659
[2025-10-27 00:27:13,169] INFO django.server — "GET /admin/jsi18n/ HTTP/1.1" 200 7210
[2025-10-27 00:27:32,000] INFO django.server — "POST /admin/auth/user/4/password/ HTTP/1.1" 200 14972
[2025-10-27 00:27:32,041] INFO django.server — "GET /admin/jsi18n/ HTTP/1.1" 200 7210
[2025-10-27 00:28:06,434] INFO django.server — "POST /admin/auth/user/4/password/ HTTP/1.1" 200 14974
[2025-10-27 00:28:06,488] INFO django.server — "GET /admin/jsi18n/ HTTP/1.1" 200 7210
[2025-10-27 00:28:30,036] INFO django.server — "POST /admin/auth/user/4/password/ HTTP/1.1" 200 14972
[2025-10-27 00:28:30,079] INFO django.server — "GET /admin/jsi18n/ HTTP/1.1" 200 7210
[2025-10-27 00:29:04,630] INFO django.server — "POST /admin/auth/user/4/password/ HTTP/1.1" 302 0
[2025-10-27 00:29:04,680] INFO django.server — "GET /admin/auth/user/4/change/ HTTP/1.1" 200 34816
[2025-10-27 00:29:04,785] INFO django.server — "GET /admin/jsi18n/ HTTP/1.1" 200 7210
[2025-10-27 00:29:09,463] INFO django.server — "POST /admin/logout/ HTTP/1.1" 302 0
[2025-10-27 00:29:09,469] INFO django.server — "GET /admin/login/ HTTP/1.1" 200 3082
[2025-10-27 00:29:32,366] INFO django.server — "POST /admin/login/ HTTP/1.1" 302 0
[2025-10-27 00:29:32,390] INFO django.server — "GET /admin/ HTTP/1.1" 200 22111
[2025-10-27 00:29:37,678] INFO django.server — "GET /admin/lab/exame/ HTTP/1.1" 200 19082
[2025-10-27 00:29:37,727] INFO django.server — "GET /admin/jsi18n/ HTTP/1.1" 200 7210
[2025-10-27 00:29:59,728] INFO django.server — "GET /admin/lab/exame/?o=-2 HTTP/1.1" 200 19212
[2025-10-27 00:29:59,778] INFO django.server — "GET /admin/jsi18n/ HTTP/1.1" 200 7210
[2025-10-27 00:30:01,614] INFO django.server — "GET /admin/lab/exame/?o=2 HTTP/1.1" 200 19212
[2025-10-27 00:30:01,673] INFO django.server — "GET /admin/jsi18n/ HTTP/1.1" 200 7210
[2025-10-27 00:30:07,362] INFO django.server — "GET /admin/lab/exame/?o=3.2 HTTP/1.1" 200 19648
[2025-10-27 00:30:07,421] INFO django.server — "GET /admin/jsi18n/ HTTP/1.1" 200 7210
[2025-10-27 00:30:09,094] INFO django.server — "GET /admin/lab/exame/?o=-3.2 HTTP/1.1" 200 19649
[2025-10-27 00:30:09,143] INFO django.server — "GET /admin/jsi18n/ HTTP/1.1" 200 7210
[2025-10-27 00:30:14,660] INFO django.server — "GET /admin/lab/resultado/ HTTP/1.1" 200 24033
[2025-10-27 00:30:14,728] INFO django.server — "GET /admin/jsi18n/ HTTP/1.1" 200 7210
[2025-10-27 00:30:17,479] INFO django.server — "GET /admin/lab/resultado/1/change/ HTTP/1.1" 200 31076
[2025-10-27 00:30:17,547] INFO django.server — "GET /admin/jsi18n/ HTTP/1.1" 200 7210
[2025-10-27 00:30:20,986] INFO django.server — "GET /admin/lab/resultado/1/delete/ HTTP/1.1" 200 13081
[2025-10-27 00:30:21,095] INFO django.server — "GET /static/admin/js/cancel.js HTTP/1.1" 200 564
[2025-10-27 00:30:24,060] INFO django.server — "GET /admin/lab/resultado/1/change/ HTTP/1.1" 200 31076
[2025-10-27 00:30:31,616] INFO django.server — "GET /admin/auth/user/ HTTP/1.1" 200 22735
[2025-10-27 00:30:31,669] INFO django.server — "GET /admin/jsi18n/ HTTP/1.1" 200 7210
[2025-10-27 00:30:33,944] INFO django.server — "GET /admin/auth/user/1/change/ HTTP/1.1" 200 34665
[2025-10-27 00:30:34,007] INFO django.server — "GET /admin/jsi18n/ HTTP/1.1" 200 7210
[2025-10-27 00:30:35,967] INFO django.server — "GET /admin/auth/user/1/delete/ HTTP/1.1" 200 16937
[2025-10-27 00:30:42,105] INFO django.server — "GET /admin/auth/user/1/change/ HTTP/1.1" 200 34665
[2025-10-27 00:30:48,803] INFO django.server — "GET /admin/auth/user/ HTTP/1.1" 200 22735
[2025-10-27 00:30:48,849] INFO django.server — "GET /static/css/admin_custom.css HTTP/1.1" 304 0
[2025-10-27 00:30:48,861] INFO django.server — "GET /admin/jsi18n/ HTTP/1.1" 200 7210
[2025-10-27 00:31:02,767] INFO django.server — "GET /admin/auth/user/3/change/ HTTP/1.1" 200 34494
[2025-10-27 00:31:02,830] INFO django.server — "GET /admin/jsi18n/ HTTP/1.1" 200 7210
[2025-10-27 00:31:09,253] INFO django.server — "GET /admin/auth/user/3/password/ HTTP/1.1" 200 14643
[2025-10-27 00:31:09,311] INFO django.server — "GET /admin/jsi18n/ HTTP/1.1" 200 7210
[2025-10-27 00:31:34,009] INFO django.server — "POST /admin/auth/user/3/password/ HTTP/1.1" 302 0
[2025-10-27 00:31:34,064] INFO django.server — "GET /admin/auth/user/3/change/ HTTP/1.1" 200 34999
[2025-10-27 00:31:34,162] INFO django.server — "GET /admin/jsi18n/ HTTP/1.1" 200 7210
[2025-10-27 00:31:44,067] INFO django.server — "POST /admin/logout/ HTTP/1.1" 302 0
[2025-10-27 00:31:44,074] INFO django.server — "GET /admin/login/ HTTP/1.1" 200 3082
[2025-10-27 00:32:08,871] INFO django.server — "POST /admin/login/ HTTP/1.1" 302 0
[2025-10-27 00:32:08,890] INFO django.server — "GET /admin/ HTTP/1.1" 200 18338
[2025-10-27 00:32:17,253] INFO django.server — "GET /admin/lab/exame/ HTTP/1.1" 200 19078
[2025-10-27 00:32:17,310] INFO django.server — "GET /admin/jsi18n/ HTTP/1.1" 200 7210
[2025-10-27 00:32:20,728] INFO django.server — "GET /admin/lab/exame/add/ HTTP/1.1" 200 18904
[2025-10-27 00:32:20,795] INFO django.server — "GET /admin/jsi18n/ HTTP/1.1" 200 7210
[2025-10-27 00:32:23,754] INFO django.server — "GET /admin/lab/exame/ HTTP/1.1" 200 19078
[2025-10-27 00:33:10,177] INFO django.server — "POST /admin/logout/ HTTP/1.1" 302 0
[2025-10-27 00:33:10,183] INFO django.server — "GET /admin/login/ HTTP/1.1" 200 3082
[2025-10-27 00:33:13,069] INFO django.server — "POST /admin/login/ HTTP/1.1" 302 0
[2025-10-27 00:33:13,092] INFO django.server — "GET /admin/ HTTP/1.1" 200 26807
[2025-10-27 00:33:21,995] INFO django.server — "GET /admin/auth/user/ HTTP/1.1" 200 22743
[2025-10-27 00:33:22,043] INFO django.server — "GET /admin/jsi18n/ HTTP/1.1" 200 7210
[2025-10-27 00:33:25,212] INFO django.server — "GET /admin/auth/user/3/change/ HTTP/1.1" 200 34538
[2025-10-27 00:33:25,292] INFO django.server — "GET /admin/jsi18n/ HTTP/1.1" 200 7210
[2025-10-27 00:34:22,243] INFO django.server — "GET /admin/auth/user/ HTTP/1.1" 200 22743
[2025-10-27 00:34:22,293] INFO django.server — "GET /admin/jsi18n/ HTTP/1.1" 200 7210
[2025-10-27 00:34:27,452] INFO django.server — "GET /admin/auth/user/4/change/ HTTP/1.1" 200 34311
[2025-10-27 00:34:27,510] INFO django.server — "GET /admin/jsi18n/ HTTP/1.1" 200 7210
[2025-10-27 00:39:17,989] INFO django.server — "POST /admin/auth/user/4/change/ HTTP/1.1" 302 0
[2025-10-27 00:39:18,015] INFO django.server — "GET /admin/auth/user/ HTTP/1.1" 200 23304
[2025-10-27 00:39:18,107] INFO django.server — "GET /static/css/admin_custom.css HTTP/1.1" 304 0
[2025-10-27 00:39:18,113] INFO django.server — "GET /admin/jsi18n/ HTTP/1.1" 200 7210
[2025-10-27 00:39:18,170] INFO django.server — "GET /static/admin/img/icon-no.svg HTTP/1.1" 200 560
[2025-10-27 00:39:26,362] INFO django.server — "GET /admin/auth/user/4/change/ HTTP/1.1" 200 34448
[2025-10-27 00:39:26,426] INFO django.server — "GET /admin/jsi18n/ HTTP/1.1" 200 7210
[2025-10-27 00:39:29,724] INFO django.server — "GET /admin/auth/user/4/password/ HTTP/1.1" 200 14659
[2025-10-27 00:39:29,785] INFO django.server — "GET /admin/jsi18n/ HTTP/1.1" 200 7210
[2025-10-27 00:39:46,924] INFO django.server — "POST /admin/logout/ HTTP/1.1" 302 0
[2025-10-27 00:39:46,930] INFO django.server — "GET /admin/login/ HTTP/1.1" 200 3082
[2025-10-27 00:40:06,281] INFO django.server — "POST /admin/login/ HTTP/1.1" 200 3419
[2025-10-27 00:40:35,501] INFO django.server — "POST /admin/login/ HTTP/1.1" 200 3419
[2025-10-27 00:40:54,863] INFO django.server — "POST /admin/login/ HTTP/1.1" 200 3419
[2025-10-27 00:41:02,864] INFO django.server — "POST /admin/login/ HTTP/1.1" 200 3419
[2025-10-27 00:41:06,078] INFO django.server — "POST /admin/login/ HTTP/1.1" 302 0
[2025-10-27 00:41:06,098] INFO django.server — "GET /admin/ HTTP/1.1" 200 27149
[2025-10-27 00:41:12,526] INFO django.server — "GET /admin/auth/user/ HTTP/1.1" 200 22727
[2025-10-27 00:41:12,585] INFO django.server — "GET /admin/jsi18n/ HTTP/1.1" 200 7210
[2025-10-27 00:41:15,353] INFO django.server — "GET /admin/auth/user/4/change/ HTTP/1.1" 200 34432
[2025-10-27 00:41:15,423] INFO django.server — "GET /admin/jsi18n/ HTTP/1.1" 200 7210
[2025-10-27 00:41:19,139] INFO django.server — "GET /admin/auth/user/4/password/ HTTP/1.1" 200 14643
[2025-10-27 00:41:19,196] INFO django.server — "GET /admin/jsi18n/ HTTP/1.1" 200 7210
[2025-10-27 00:41:33,740] INFO django.server — "POST /admin/auth/user/4/password/ HTTP/1.1" 200 14958
[2025-10-27 00:41:33,789] INFO django.server — "GET /admin/jsi18n/ HTTP/1.1" 200 7210
[2025-10-27 00:41:56,448] INFO django.server — "POST /admin/auth/user/4/password/ HTTP/1.1" 302 0
[2025-10-27 00:41:56,511] INFO django.server — "GET /admin/auth/user/4/change/ HTTP/1.1" 200 34937
[2025-10-27 00:41:56,628] INFO django.server — "GET /admin/jsi18n/ HTTP/1.1" 200 7210
[2025-10-27 00:42:02,969] INFO django.server — "POST /admin/logout/ HTTP/1.1" 302 0
[2025-10-27 00:42:02,976] INFO django.server — "GET /admin/login/ HTTP/1.1" 200 3082
[2025-10-27 00:42:21,287] INFO django.server — "POST /admin/login/ HTTP/1.1" 200 3419
[2025-10-27 00:42:43,419] INFO django.server — "POST /admin/login/ HTTP/1.1" 200 3419
[2025-10-27 00:42:47,252] INFO django.server — "POST /admin/login/ HTTP/1.1" 302 0
[2025-10-27 00:42:47,275] INFO django.server — "GET /admin/ HTTP/1.1" 200 27455
[2025-10-27 00:42:57,127] INFO django.server — "GET /admin/auth/user/ HTTP/1.1" 200 22727
[2025-10-27 00:42:57,186] INFO django.server — "GET /admin/jsi18n/ HTTP/1.1" 200 7210
[2025-10-27 00:43:04,018] INFO django.server — "GET /admin/auth/user/4/change/ HTTP/1.1" 200 34432
[2025-10-27 00:43:04,082] INFO django.server — "GET /admin/jsi18n/ HTTP/1.1" 200 7210
[2025-10-27 00:43:30,322] INFO django.server — "POST /admin/auth/user/4/change/ HTTP/1.1" 302 0
[2025-10-27 00:43:30,351] INFO django.server — "GET /admin/auth/user/ HTTP/1.1" 200 23288
[2025-10-27 00:43:30,450] INFO django.server — "GET /admin/jsi18n/ HTTP/1.1" 200 7210
[2025-10-27 00:43:44,934] INFO django.server — "POST /admin/logout/ HTTP/1.1" 302 0
[2025-10-27 00:43:44,941] INFO django.server — "GET /admin/login/ HTTP/1.1" 200 3082
[2025-10-27 00:44:07,301] INFO django.server — "POST /admin/login/ HTTP/1.1" 200 3419
[2025-10-27 00:44:24,204] INFO django.server — "POST /admin/login/ HTTP/1.1" 200 3419
[2025-10-27 00:44:44,463] INFO django.server — "POST /admin/login/ HTTP/1.1" 200 3419
[2025-10-27 00:44:52,044] INFO django.server — "POST /admin/login/ HTTP/1.1" 302 0
[2025-10-27 00:44:52,090] INFO django.server — "GET /admin/ HTTP/1.1" 200 27403
[2025-10-27 00:44:54,926] INFO django.server — "GET /admin/auth/user/ HTTP/1.1" 200 22727
[2025-10-27 00:44:54,975] INFO django.server — "GET /admin/jsi18n/ HTTP/1.1" 200 7210
[2025-10-27 00:44:56,520] INFO django.server — "GET /admin/auth/user/4/change/ HTTP/1.1" 200 34450
[2025-10-27 00:44:56,585] INFO django.server — "GET /admin/jsi18n/ HTTP/1.1" 200 7210
[2025-10-27 00:44:57,960] INFO django.server — "GET /admin/auth/user/4/password/ HTTP/1.1" 200 14643
[2025-10-27 00:44:58,019] INFO django.server — "GET /admin/jsi18n/ HTTP/1.1" 200 7210
[2025-10-27 00:45:38,938] INFO django.server — "POST /admin/auth/user/4/password/ HTTP/1.1" 302 0
[2025-10-27 00:45:38,985] INFO django.server — "GET /admin/auth/user/4/change/ HTTP/1.1" 200 34955
[2025-10-27 00:45:39,083] INFO django.server — "GET /admin/jsi18n/ HTTP/1.1" 200 7210
[2025-10-27 00:45:46,636] INFO django.server — "POST /admin/logout/ HTTP/1.1" 302 0
[2025-10-27 00:45:46,646] INFO django.server — "GET /admin/login/ HTTP/1.1" 200 3082
[2025-10-27 00:46:05,400] INFO django.server — "POST /admin/login/ HTTP/1.1" 200 3419
[2025-10-27 00:46:18,988] INFO django.server — "POST /admin/login/ HTTP/1.1" 302 0
[2025-10-27 00:46:19,013] INFO django.server — "GET /admin/ HTTP/1.1" 200 27622
[2025-10-27 00:46:27,942] INFO django.server — "GET /admin/auth/user/ HTTP/1.1" 200 22727
[2025-10-27 00:46:27,993] INFO django.server — "GET /admin/jsi18n/ HTTP/1.1" 200 7210
[2025-10-27 00:46:36,612] INFO django.server — "GET /admin/auth/user/4/change/ HTTP/1.1" 200 34450
[2025-10-27 00:46:36,677] INFO django.server — "GET /admin/jsi18n/ HTTP/1.1" 200 7210
[2025-10-27 00:46:49,303] INFO django.server — "POST /admin/auth/user/4/change/ HTTP/1.1" 302 0
[2025-10-27 00:46:49,333] INFO django.server — "GET /admin/auth/user/ HTTP/1.1" 200 23288
[2025-10-27 00:46:49,425] INFO django.server — "GET /admin/jsi18n/ HTTP/1.1" 200 7210
[2025-10-27 00:46:59,825] INFO django.server — "GET /admin/auth/user/ HTTP/1.1" 200 22727
[2025-10-27 00:46:59,860] INFO django.server — "GET /admin/jsi18n/ HTTP/1.1" 200 7210
[2025-10-27 00:47:08,427] INFO django.server — "POST /admin/logout/ HTTP/1.1" 302 0
[2025-10-27 00:47:08,435] INFO django.server — "GET /admin/login/ HTTP/1.1" 200 3082
[2025-10-27 00:47:34,268] INFO django.server — "POST /admin/login/ HTTP/1.1" 200 3419
[2025-10-27 00:47:42,279] INFO django.server — "POST /admin/login/ HTTP/1.1" 302 0
[2025-10-27 00:47:42,301] INFO django.server — "GET /admin/ HTTP/1.1" 200 27590
[2025-10-27 00:47:42,387] INFO django.server — "GET /static/css/admin_custom.css HTTP/1.1" 304 0
[2025-10-27 00:47:53,176] INFO django.server — "POST /admin/logout/ HTTP/1.1" 302 0
[2025-10-27 00:47:53,183] INFO django.server — "GET /admin/login/ HTTP/1.1" 200 3082
[2025-10-27 00:48:06,656] INFO django.server — "POST /admin/login/ HTTP/1.1" 302 0
[2025-10-27 00:48:06,676] INFO django.server — "GET /admin/ HTTP/1.1" 200 24083
[2025-10-27 00:48:13,354] INFO django.server — "GET /admin/lab/resultado/ HTTP/1.1" 200 24203
[2025-10-27 00:48:13,431] INFO django.server — "GET /admin/jsi18n/ HTTP/1.1" 200 7210
[2025-10-27 00:48:15,323] INFO django.server — "GET /admin/lab/resultado/1/change/ HTTP/1.1" 200 31229
[2025-10-27 00:48:15,386] INFO django.server — "GET /admin/jsi18n/ HTTP/1.1" 200 7210
[2025-10-27 00:48:25,290] INFO django.server — "GET /admin/auth/user/ HTTP/1.1" 200 22715
[2025-10-27 00:48:25,343] INFO django.server — "GET /admin/jsi18n/ HTTP/1.1" 200 7210
[2025-10-27 00:48:29,203] INFO django.server — "GET /admin/auth/user/1/change/ HTTP/1.1" 200 34645
[2025-10-27 00:48:29,256] INFO django.server — "GET /admin/jsi18n/ HTTP/1.1" 200 7210
[2025-10-27 00:48:37,476] INFO django.server — "GET /admin/auth/user/ HTTP/1.1" 200 22715
[2025-10-27 00:48:37,526] INFO django.server — "GET /admin/jsi18n/ HTTP/1.1" 200 7210
[2025-10-27 00:48:40,654] INFO django.server — "POST /admin/logout/ HTTP/1.1" 302 0
[2025-10-27 00:48:40,660] INFO django.server — "GET /admin/login/ HTTP/1.1" 200 3082
[2025-10-27 00:48:43,704] INFO django.server — "POST /admin/login/ HTTP/1.1" 302 0
[2025-10-27 00:48:43,729] INFO django.server — "GET /admin/ HTTP/1.1" 200 27590
[2025-10-27 00:48:47,691] INFO django.server — "GET /admin/auth/user/ HTTP/1.1" 200 22727
[2025-10-27 00:48:47,739] INFO django.server — "GET /admin/jsi18n/ HTTP/1.1" 200 7210
[2025-10-27 00:48:50,339] INFO django.server — "GET /admin/auth/user/1/change/ HTTP/1.1" 200 34657
[2025-10-27 00:48:50,393] INFO django.server — "GET /admin/jsi18n/ HTTP/1.1" 200 7210
[2025-10-27 00:49:41,449] INFO django.server — "POST /admin/auth/user/1/change/ HTTP/1.1" 302 0
[2025-10-27 00:49:41,472] INFO django.server — "GET /admin/auth/user/ HTTP/1.1" 200 23286
[2025-10-27 00:49:41,559] INFO django.server — "GET /admin/jsi18n/ HTTP/1.1" 200 7210
[2025-10-27 00:49:49,326] INFO django.server — "POST /admin/logout/ HTTP/1.1" 302 0
[2025-10-27 00:49:49,332] INFO django.server — "GET /admin/login/ HTTP/1.1" 200 3082
[2025-10-27 00:49:59,860] INFO django.server — "POST /admin/login/ HTTP/1.1" 302 0
[2025-10-27 00:49:59,878] INFO django.server — "GET /admin/ HTTP/1.1" 200 23893
[2025-10-27 00:50:02,950] INFO django.server — "GET /admin/lab/exame/ HTTP/1.1" 200 19062
[2025-10-27 00:50:03,003] INFO django.server — "GET /admin/jsi18n/ HTTP/1.1" 200 7210
[2025-10-27 00:50:08,110] INFO django.server — "GET /admin/lab/exame/add/ HTTP/1.1" 200 18888
[2025-10-27 00:50:08,166] INFO django.server — "GET /admin/jsi18n/ HTTP/1.1" 200 7210
[2025-10-27 00:50:19,119] INFO django.server — "POST /admin/lab/exame/add/ HTTP/1.1" 302 0
[2025-10-27 00:50:19,143] INFO django.server — "GET /admin/lab/exame/ HTTP/1.1" 200 20169
[2025-10-27 00:50:19,231] INFO django.server — "GET /admin/jsi18n/ HTTP/1.1" 200 7210
[2025-10-27 00:50:30,303] INFO django.server — "GET /admin/lab/exame/2/change/ HTTP/1.1" 200 19570
[2025-10-27 00:50:30,362] INFO django.server — "GET /admin/jsi18n/ HTTP/1.1" 200 7210
[2025-10-27 00:50:32,622] INFO django.server — "GET /admin/lab/exame/2/delete/ HTTP/1.1" 200 12819
[2025-10-27 00:50:33,920] INFO django.server — "GET /admin/lab/exame/2/change/ HTTP/1.1" 200 19570
[2025-10-27 00:50:35,686] INFO django.server — "GET /admin/lab/exame/2/delete/ HTTP/1.1" 200 12819
[2025-10-27 00:50:36,946] INFO django.server — "POST /admin/lab/exame/2/delete/ HTTP/1.1" 302 0
[2025-10-27 00:50:36,968] INFO django.server — "GET /admin/lab/exame/ HTTP/1.1" 200 19579
[2025-10-27 00:50:37,059] INFO django.server — "GET /admin/jsi18n/ HTTP/1.1" 200 7210
